{
  "RSpec": {
    "coverage": {
      "/Users/christiegriffiths/Desktop/proyectos/bank_tech_test/spec/bank_spec.rb": {
        "lines": [
          1,
          null,
          1,
          1,
          1,
          1,
          null,
          1,
          1,
          1,
          null,
          1,
          1,
          1,
          0,
          null,
          1,
          1,
          1,
          0,
          0,
          null,
          null,
          1,
          1,
          1,
          0,
          null,
          1,
          1,
          1,
          0,
          0,
          null,
          1,
          1,
          1,
          0,
          null,
          1,
          2,
          null,
          1,
          2,
          null,
          1,
          1,
          2,
          null,
          1,
          1,
          2,
          null,
          1,
          2,
          null,
          1,
          1,
          2,
          null,
          1,
          1,
          2,
          null,
          null
        ]
      },
      "/Users/christiegriffiths/Desktop/proyectos/bank_tech_test/lib/bank.rb": {
        "lines": [
          1,
          null,
          1,
          1,
          14,
          14,
          null,
          null,
          1,
          0,
          null,
          null,
          1,
          5,
          null,
          null,
          1,
          2,
          null,
          null,
          null,
          1,
          1,
          14,
          14,
          null,
          null,
          1,
          19,
          13,
          null,
          12,
          12,
          null,
          null,
          1,
          4,
          2,
          null,
          2,
          2,
          2,
          null,
          2,
          0,
          null,
          2,
          null,
          null,
          null,
          2,
          null,
          null,
          1,
          null,
          1,
          19,
          null,
          null,
          1,
          13,
          null,
          13,
          13,
          null,
          null,
          1,
          12,
          null,
          null,
          1,
          4,
          null,
          null
        ]
      }
    },
    "timestamp": 1687260771
  }
}
