{
  "RSpec": {
    "coverage": {
      "/Users/christiegriffiths/Desktop/proyectos/bank_tech_test/spec/bank_spec.rb": {
        "lines": [
          1,
          null,
          1,
          1,
          1,
          1,
          null,
          1,
          1,
          1,
          1,
          null,
          1,
          1,
          1,
          1,
          1,
          null,
          null,
          1,
          1,
          1,
          1,
          null,
          1,
          1,
          1,
          1,
          1,
          null,
          1,
          1,
          1,
          1,
          null,
          1,
          2,
          null,
          1,
          2,
          null,
          1,
          1,
          2,
          null,
          1,
          1,
          2,
          null,
          1,
          2,
          null,
          1,
          1,
          2,
          null,
          1,
          1,
          2,
          null,
          null
        ]
      },
      "/Users/christiegriffiths/Desktop/proyectos/bank_tech_test/lib/bank.rb": {
        "lines": [
          1,
          null,
          1,
          1,
          13,
          11,
          11,
          null,
          null,
          1,
          5,
          4,
          null,
          null,
          1,
          6,
          5,
          null,
          null,
          1,
          24,
          null,
          null,
          1,
          6,
          null,
          null,
          null,
          1,
          1,
          11,
          11,
          null,
          null,
          1,
          20,
          17,
          17,
          null,
          null,
          1,
          19,
          6,
          null,
          6,
          13,
          13,
          null,
          13,
          4,
          null,
          9,
          null,
          null,
          null,
          6,
          null,
          null,
          1,
          null,
          1,
          20,
          null,
          19,
          19,
          null,
          null,
          1,
          17,
          null,
          null,
          1,
          26,
          null,
          null,
          null,
          null,
          null,
          null,
          null,
          null,
          null,
          null,
          null,
          null,
          null,
          null,
          null,
          null,
          null,
          null,
          null,
          null,
          null,
          null,
          null,
          null,
          null,
          null,
          null,
          null,
          null,
          null,
          null,
          null,
          null,
          null,
          null,
          null,
          null,
          null,
          null,
          null,
          null,
          null,
          null,
          null,
          null,
          null,
          null,
          null,
          null,
          null,
          null,
          null,
          null,
          null,
          null,
          null,
          null,
          null,
          null,
          null,
          null,
          null,
          null,
          null,
          null
        ]
      }
    },
    "timestamp": 1687265389
  }
}
